Compiling build :dev to "resources/public/js/compiled/minicosm-demo.js" from ["src"]...
Successfully compiled build :dev to "resources/public/js/compiled/minicosm-demo.js" in 0.344 seconds.
notifying browser that file changed:  resources/public/js/compiled/out/goog/deps.js
notifying browser that file changed:  resources/public/js/compiled/out/cljs_deps.js
notifying browser that file changed:  resources\public\js\compiled\out\minicosm_demo\main.js
Compiling build :dev to "resources/public/js/compiled/minicosm-demo.js" from ["src"]...
Successfully compiled build :dev to "resources/public/js/compiled/minicosm-demo.js" in 0.33 seconds.
notifying browser that file changed:  resources\public\js\compiled\out\minicosm_demo\main.js
Compiling build :dev to "resources/public/js/compiled/minicosm-demo.js" from ["src"]...
Successfully compiled build :dev to "resources/public/js/compiled/minicosm-demo.js" in 0.315 seconds.
notifying browser that file changed:  resources\public\js\compiled\out\minicosm_demo\main.js
Compiling build :dev to "resources/public/js/compiled/minicosm-demo.js" from ["src"]...
Successfully compiled build :dev to "resources/public/js/compiled/minicosm-demo.js" in 0.314 seconds.
notifying browser that file changed:  resources\public\js\compiled\out\minicosm_demo\main.js
Compiling build :dev to "resources/public/js/compiled/minicosm-demo.js" from ["src"]...
Successfully compiled build :dev to "resources/public/js/compiled/minicosm-demo.js" in 0.306 seconds.
notifying browser that file changed:  resources\public\js\compiled\out\minicosm_demo\main.js
Compiling build :dev to "resources/public/js/compiled/minicosm-demo.js" from ["src"]...
Successfully compiled build :dev to "resources/public/js/compiled/minicosm-demo.js" in 0.318 seconds.
notifying browser that file changed:  resources\public\js\compiled\out\minicosm_demo\main.js
Compiling build :dev to "resources/public/js/compiled/minicosm-demo.js" from ["src"]...
Successfully compiled build :dev to "resources/public/js/compiled/minicosm-demo.js" in 0.413 seconds.
notifying browser that file changed:  resources/public/js/compiled/out/goog/deps.js
notifying browser that file changed:  resources/public/js/compiled/out/cljs_deps.js
notifying browser that file changed:  resources\public\js\compiled\out\minicosm_demo\main.js
Compiling build :dev to "resources/public/js/compiled/minicosm-demo.js" from ["src"]...
Successfully compiled build :dev to "resources/public/js/compiled/minicosm-demo.js" in 0.354 seconds.
notifying browser that file changed:  resources\public\js\compiled\out\minicosm_demo\main.js
Compiling build :dev to "resources/public/js/compiled/minicosm-demo.js" from ["src"]...
Successfully compiled build :dev to "resources/public/js/compiled/minicosm-demo.js" in 0.336 seconds.
notifying browser that file changed:  resources\public\js\compiled\out\minicosm_demo\main.js
Compiling build :dev to "resources/public/js/compiled/minicosm-demo.js" from ["src"]...
Successfully compiled build :dev to "resources/public/js/compiled/minicosm-demo.js" in 0.33 seconds.
notifying browser that file changed:  resources\public\js\compiled\out\minicosm_demo\main.js
Compiling build :dev to "resources/public/js/compiled/minicosm-demo.js" from ["src"]...
Successfully compiled build :dev to "resources/public/js/compiled/minicosm-demo.js" in 0.335 seconds.
notifying browser that file changed:  resources\public\js\compiled\out\minicosm_demo\main.js
Compiling build :dev to "resources/public/js/compiled/minicosm-demo.js" from ["src"]...
Successfully compiled build :dev to "resources/public/js/compiled/minicosm-demo.js" in 0.336 seconds.
notifying browser that file changed:  resources\public\js\compiled\out\minicosm_demo\main.js
Compiling build :dev to "resources/public/js/compiled/minicosm-demo.js" from ["src"]...
Successfully compiled build :dev to "resources/public/js/compiled/minicosm-demo.js" in 0.326 seconds.
notifying browser that file changed:  resources\public\js\compiled\out\minicosm_demo\main.js
Compiling build :dev to "resources/public/js/compiled/minicosm-demo.js" from ["src"]...
Successfully compiled build :dev to "resources/public/js/compiled/minicosm-demo.js" in 0.317 seconds.
notifying browser that file changed:  resources\public\js\compiled\out\minicosm_demo\main.js
Compiling build :dev to "resources/public/js/compiled/minicosm-demo.js" from ["src"]...
Successfully compiled build :dev to "resources/public/js/compiled/minicosm-demo.js" in 0.32 seconds.
notifying browser that file changed:  resources\public\js\compiled\out\minicosm_demo\main.js
Compiling build :dev to "resources/public/js/compiled/minicosm-demo.js" from ["src"]...
Successfully compiled build :dev to "resources/public/js/compiled/minicosm-demo.js" in 0.332 seconds.
notifying browser that file changed:  resources\public\js\compiled\out\minicosm_demo\main.js
Compiling build :dev to "resources/public/js/compiled/minicosm-demo.js" from ["src"]...
Successfully compiled build :dev to "resources/public/js/compiled/minicosm-demo.js" in 0.325 seconds.
notifying browser that file changed:  resources\public\js\compiled\out\minicosm_demo\main.js
Compiling build :dev to "resources/public/js/compiled/minicosm-demo.js" from ["src"]...
Successfully compiled build :dev to "resources/public/js/compiled/minicosm-demo.js" in 0.321 seconds.
notifying browser that file changed:  resources\public\js\compiled\out\minicosm_demo\main.js
Compiling build :dev to "resources/public/js/compiled/minicosm-demo.js" from ["src"]...
Successfully compiled build :dev to "resources/public/js/compiled/minicosm-demo.js" in 0.312 seconds.
notifying browser that file changed:  resources\public\js\compiled\out\minicosm_demo\main.js
Compiling build :dev to "resources/public/js/compiled/minicosm-demo.js" from ["src"]...
Successfully compiled build :dev to "resources/public/js/compiled/minicosm-demo.js" in 0.311 seconds.
notifying browser that file changed:  resources\public\js\compiled\out\minicosm_demo\main.js
Compiling build :dev to "resources/public/js/compiled/minicosm-demo.js" from ["src"]...
Successfully compiled build :dev to "resources/public/js/compiled/minicosm-demo.js" in 0.318 seconds.
notifying browser that file changed:  resources\public\js\compiled\out\minicosm_demo\main.js
Compiling build :dev to "resources/public/js/compiled/minicosm-demo.js" from ["src"]...
Successfully compiled build :dev to "resources/public/js/compiled/minicosm-demo.js" in 0.303 seconds.
notifying browser that file changed:  resources\public\js\compiled\out\minicosm_demo\main.js
Compiling build :dev to "resources/public/js/compiled/minicosm-demo.js" from ["src"]...
Successfully compiled build :dev to "resources/public/js/compiled/minicosm-demo.js" in 0.313 seconds.
notifying browser that file changed:  resources\public\js\compiled\out\minicosm_demo\main.js
Compiling build :dev to "resources/public/js/compiled/minicosm-demo.js" from ["src"]...
Successfully compiled build :dev to "resources/public/js/compiled/minicosm-demo.js" in 0.311 seconds.
notifying browser that file changed:  resources\public\js\compiled\out\minicosm_demo\main.js
Compiling build :dev to "resources/public/js/compiled/minicosm-demo.js" from ["src"]...
Successfully compiled build :dev to "resources/public/js/compiled/minicosm-demo.js" in 0.308 seconds.
notifying browser that file changed:  resources\public\js\compiled\out\minicosm_demo\main.js
Compiling build :dev to "resources/public/js/compiled/minicosm-demo.js" from ["src"]...
Successfully compiled build :dev to "resources/public/js/compiled/minicosm-demo.js" in 0.304 seconds.
notifying browser that file changed:  resources\public\js\compiled\out\minicosm_demo\main.js
Compiling build :dev to "resources/public/js/compiled/minicosm-demo.js" from ["src"]...
Successfully compiled build :dev to "resources/public/js/compiled/minicosm-demo.js" in 0.302 seconds.
notifying browser that file changed:  resources\public\js\compiled\out\minicosm_demo\main.js
Compiling build :dev to "resources/public/js/compiled/minicosm-demo.js" from ["src"]...
Successfully compiled build :dev to "resources/public/js/compiled/minicosm-demo.js" in 0.355 seconds.
notifying browser that file changed:  resources/public/js/compiled/out/goog/deps.js
notifying browser that file changed:  resources/public/js/compiled/out/cljs_deps.js
notifying browser that file changed:  resources\public\js\compiled\out\minicosm_demo\main.js
